<?xml version="1.0" encoding="UTF-8"?>
<!-- Generated by org.testng.reporters.JUnitXMLReporter -->
<testsuite ignored="0" hostname="D-VOSTRO" failures="1" tests="2" name="ChromeTest" time="15.956" errors="0" timestamp="2024-08-29T11:40:17 IST">
  <testcase classname="testcase.TC002_loginTest" name="verify_login" time="2.345"/>
  <testcase classname="testcase.TC003_LoginDDT" name="verify_TC003_LoginDDT" time="0.0">
    <failure type="java.lang.RuntimeException" message="java.lang.NoSuchMethodError: &amp;apos;org.apache.commons.io.input.BoundedInputStream$Builder org.apache.commons.io.input.BoundedInputStream.builder()&amp;apos;">
      <![CDATA[java.lang.RuntimeException: java.lang.NoSuchMethodError: 'org.apache.commons.io.input.BoundedInputStream$Builder org.apache.commons.io.input.BoundedInputStream.builder()'
at java.base/java.util.ArrayList.forEach(ArrayList.java:1511)
at java.base/java.util.concurrent.FutureTask.run(FutureTask.java:264)
at java.base/java.util.concurrent.ThreadPoolExecutor.runWorker(ThreadPoolExecutor.java:1136)
at java.base/java.util.concurrent.ThreadPoolExecutor$Worker.run(ThreadPoolExecutor.java:635)
at java.base/java.lang.Thread.run(Thread.java:833)
Caused by: java.lang.NoSuchMethodError: 'org.apache.commons.io.input.BoundedInputStream$Builder org.apache.commons.io.input.BoundedInputStream.builder()'
at org.apache.poi.util.IOUtils.peekFirstNBytes(IOUtils.java:145)
at org.apache.poi.poifs.filesystem.FileMagic.valueOf(FileMagic.java:209)
at org.apache.poi.openxml4j.opc.internal.ZipHelper.verifyZipHeader(ZipHelper.java:144)
at org.apache.poi.openxml4j.opc.internal.ZipHelper.openZipStream(ZipHelper.java:188)
at org.apache.poi.openxml4j.opc.ZipPackage.<init>(ZipPackage.java:156)
at org.apache.poi.openxml4j.opc.OPCPackage.open(OPCPackage.java:351)
at org.apache.poi.ooxml.util.PackageHelper.open(PackageHelper.java:64)
at org.apache.poi.xssf.usermodel.XSSFWorkbook.<init>(XSSFWorkbook.java:313)
at org.apache.poi.xssf.usermodel.XSSFWorkbook.<init>(XSSFWorkbook.java:287)
at utilities.ExcelUtility.getRowCount(ExcelUtility.java:29)
at utilities.DataProviders.getData(DataProviders.java:14)
... 19 more
... Removed 22 stack frames]]>
    </failure>
  </testcase> <!-- verify_TC003_LoginDDT -->
</testsuite> <!-- ChromeTest -->
